error: undefined
error: undefined
error: undefined
error: ERROR
error: ERROR
error: ERROR
error: ERROR
error: ERROR
error: ERROR
fatal: FATAL
error: ERROR
fatal: FATAL
error: ERROR
fatal: FATAL
error: ERROR
fatal: FATAL
error: ERROR
fatal: FATAL
fatal: FATAL
fatal: FATAL
error: ERROR
fatal: FATAL
error: ERROR
fatal: FATAL
error: ERROR
error: undefined
error: undefined
error: undefined
error: undefined
error: undefined
error: undefined
error: undefined
error: undefined
error: 
    Uno o mas properties estan incompletos o son invalidos.
    No se puede crear otro product con igual code number:
    -code: Already exists code number:(33245) 
    
error: undefined
error: undefined
error: undefined
error: undefined
error: undefined
error: undefined
error: undefined
error: undefined
error: undefined
error: undefined
error: undefined
error: undefined
error: undefined
error: undefined
error: undefined
error: undefined
error: undefined
error: undefined
error: undefined
error: undefined
error: undefined
error: undefined
error: undefined
error: undefined
error: undefined
error: undefined
error: undefined
error: undefined
error: undefined
error: undefined
error: undefined
error: 
    Uno o mas properties estan incompletos o son invalidos.
    No se puede crear otro product con igual code number:
    -code: Already exists code number:(331245) 
    
error: 
    Uno o mas properties estan incompletos o son invalidos.
    No se puede crear otro product con igual code number:
    -code: Already exists code number:(331245) 
    
error: 
    Uno o mas properties estan incompletos o son invalidos.
    No se puede crear otro product con igual code number:
    -code: Already exists code number:(331245) 
    
error: 
    Uno o mas properties estan incompletos o son invalidos.
    No se puede crear otro product con igual code number:
    -code: Already exists code number:(331245) 
    
error: undefined
error: undefined
error: undefined
error: undefined
error: 
    Uno o mas properties estan incompletos o son invalidos.
    Lista de properties obligatorios:
    -products: Must be an Array of Products ID(undefined)  
    
error: undefined
error: undefined
error: undefined
error: undefined
error: undefined
error: undefined
error: undefined
error: undefined
error: undefined
error: undefined
error: undefined
error: undefined
error: undefined
error: undefined
error: undefined
error: undefined
error: undefined
error: undefined
error: undefined
error: undefined
error: undefined
error: undefined
error: undefined
error: undefined
error: undefined
error: undefined
error: undefined
error: undefined
error: undefined
error: undefined
error: undefined
error: undefined
error: undefined
error: undefined
error: undefined
error: undefined
error: undefined
error: undefined
error: undefined
error: undefined
error: undefined
error: undefined
error: undefined
error: undefined
error: undefined
error: undefined
error: undefined
error: undefined
error: undefined
error: undefined
error: undefined
error: undefined
error: undefined
error: undefined
error: undefined
error: undefined
error: undefined
error: undefined
error: undefined
error: undefined
fatal: FATAL
error: ERROR
fatal: FATAL
error: ERROR
fatal: FATAL
error: ERROR
fatal: FATAL
error: ERROR